> HAVIR,BOBBIE,2,108,HAMER,GAVIN
> HAVIR,BOBBIE,2,108,HAMER,GAVIN
> > > HAVIR,BOBBIE,0
> HAVIR,BOBBIE,0
> > HAVIR,BOBBIE,2,108,HAMER,GAVIN
> HAVIR,BOBBIE,2,108,HAMER,GAVIN
> HAVIR,BOBBIE,0
> HAVIR,BOBBIE,0
> HAVIR,BOBBIE,0
> HAVIR,BOBBIE,0
> > > > > COOKUS,XUAN
ELHADDAD,SHANTE
SWEDLUND,SHARRI
CIGANEK,MANIE
COVINGTON,TOMAS
EARLY,TORY
LINHART,LELA
> COOKUS,XUAN
ELHADDAD,SHANTE
SWEDLUND,SHARRI
CIGANEK,MANIE
COVINGTON,TOMAS
EARLY,TORY
LINHART,LELA
> > > SAELEE,DANILO
GARTH,JOHN
> SAELEE,DANILO
GARTH,JOHN
> > > GARTH,JOHN,0,3.14,FALKER,ADOLPH
> GARTH,JOHN,0,3.14,FALKER,ADOLPH
> > > GARTH,JOHN,0,3.14,FALKER,ADOLPH
> GARTH,JOHN,0,3.14,FALKER,ADOLPH
> > > SAELEE,DANILO,54,2.85,FALKER,ADOLPH
> SAELEE,DANILO,54,2.85,FALKER,ADOLPH
> > > SAELEE,DANILO,54,2.85,FALKER,ADOLPH
> SAELEE,DANILO,54,2.85,FALKER,ADOLPH
> > > XUAN,COOKUS,3,107
SHANTE,ELHADDAD,3,107
DEVIN,IMMERMAN,4,105
STAN,OBREIN,6,111
DIMPLE,CORONADO,6,102
DIEDRA,SARAO,2,108
TORY,EARLY,3,107
ROSETTA,KEMERER,6,102
> XUAN,COOKUS,3,107
SHANTE,ELHADDAD,3,107
DEVIN,IMMERMAN,4,105
STAN,OBREIN,6,111
DIMPLE,CORONADO,6,102
DIEDRA,SARAO,2,108
TORY,EARLY,3,107
ROSETTA,KEMERER,6,102
> > > Grade 1: 3.0
> Grade 1: 3.0
> > > > > > > > not a valid command!
> not a valid command!
> not a valid command!
> See you next time!
